725  [main] INFO  c.n.t.TcdisRestserverApplication -logStarting -48 - Starting TcdisRestserverApplication on DESKTOP-C0LSV6L with PID 8364 (D:\noa1\workspace\TCDIS-RESTSERVER\target\classes started by freed in D:\noa1\workspace\TCDIS-RESTSERVER)
733  [main] DEBUG c.n.t.TcdisRestserverApplication -logStarting -51 - Running with Spring Boot v1.4.2.RELEASE, Spring v4.3.4.RELEASE
734  [main] INFO  c.n.t.TcdisRestserverApplication -logStartupProfileInfo -661 - No active profile set, falling back to default profiles: default
1081 [background-preinit] DEBUG org.jboss.logging -logProvider -160 - Logging Provider: org.jboss.logging.Slf4jLoggerProvider found via system property
1083 [background-preinit] INFO  o.h.validator.internal.util.Version -<clinit> -30 - HV000001: Hibernate Validator 5.2.4.Final
1114 [background-preinit] DEBUG o.h.v.i.e.r.DefaultTraversableResolver -detectJPA -70 - Cannot find javax.persistence.Persistence on classpath. Assuming non JPA 2 environment. All properties will per default be traversable.
2208 [main] DEBUG o.h.v.i.e.r.DefaultTraversableResolver -detectJPA -70 - Cannot find javax.persistence.Persistence on classpath. Assuming non JPA 2 environment. All properties will per default be traversable.
2210 [main] DEBUG o.h.v.i.engine.ConfigurationImpl -messageInterpolator -156 - Setting custom MessageInterpolator of type org.springframework.validation.beanvalidation.LocaleContextMessageInterpolator
2211 [main] DEBUG o.h.v.i.engine.ConfigurationImpl -constraintValidatorFactory -178 - Setting custom ConstraintValidatorFactory of type org.springframework.validation.beanvalidation.SpringConstraintValidatorFactory
2212 [main] DEBUG o.h.v.i.engine.ConfigurationImpl -parameterNameProvider -192 - Setting custom ParameterNameProvider of type com.sun.proxy.$Proxy58
2214 [main] DEBUG o.h.v.i.xml.ValidationXmlParser -getValidationXmlInputStream -91 - Trying to load META-INF/validation.xml for XML based Validator configuration.
2215 [main] DEBUG o.h.v.i.xml.ResourceLoaderHelper -getResettableInputStreamForPath -47 - Trying to load META-INF/validation.xml via user class loader
2216 [main] DEBUG o.h.v.i.xml.ResourceLoaderHelper -getResettableInputStreamForPath -54 - Trying to load META-INF/validation.xml via TCCL
2216 [main] DEBUG o.h.v.i.xml.ResourceLoaderHelper -getResettableInputStreamForPath -60 - Trying to load META-INF/validation.xml via Hibernate Validator's class loader
2217 [main] DEBUG o.h.v.i.xml.ValidationXmlParser -getValidationXmlInputStream -98 - No META-INF/validation.xml found. Using annotation based configuration only.
2543 [main] INFO  o.a.catalina.core.StandardService -log -179 - Starting service Tomcat
2544 [main] INFO  o.a.catalina.core.StandardEngine -log -179 - Starting Servlet Engine: Apache Tomcat/8.5.6
2693 [localhost-startStop-1] INFO  o.a.c.c.C.[Tomcat].[localhost].[/] -log -179 - Initializing Spring embedded WebApplicationContext
3312 [main] DEBUG o.h.v.i.e.r.DefaultTraversableResolver -detectJPA -70 - Cannot find javax.persistence.Persistence on classpath. Assuming non JPA 2 environment. All properties will per default be traversable.
3313 [main] DEBUG o.h.v.i.engine.ConfigurationImpl -messageInterpolator -156 - Setting custom MessageInterpolator of type org.springframework.validation.beanvalidation.LocaleContextMessageInterpolator
3313 [main] DEBUG o.h.v.i.engine.ConfigurationImpl -constraintValidatorFactory -178 - Setting custom ConstraintValidatorFactory of type org.springframework.validation.beanvalidation.SpringConstraintValidatorFactory
3313 [main] DEBUG o.h.v.i.engine.ConfigurationImpl -parameterNameProvider -192 - Setting custom ParameterNameProvider of type com.sun.proxy.$Proxy58
3314 [main] DEBUG o.h.v.i.xml.ValidationXmlParser -getValidationXmlInputStream -91 - Trying to load META-INF/validation.xml for XML based Validator configuration.
3314 [main] DEBUG o.h.v.i.xml.ResourceLoaderHelper -getResettableInputStreamForPath -47 - Trying to load META-INF/validation.xml via user class loader
3314 [main] DEBUG o.h.v.i.xml.ResourceLoaderHelper -getResettableInputStreamForPath -54 - Trying to load META-INF/validation.xml via TCCL
3315 [main] DEBUG o.h.v.i.xml.ResourceLoaderHelper -getResettableInputStreamForPath -60 - Trying to load META-INF/validation.xml via Hibernate Validator's class loader
3315 [main] DEBUG o.h.v.i.xml.ValidationXmlParser -getValidationXmlInputStream -98 - No META-INF/validation.xml found. Using annotation based configuration only.
3714 [main] INFO  o.a.coyote.http11.Http11NioProtocol -log -179 - Initializing ProtocolHandler ["http-nio-8080"]
3728 [main] INFO  o.a.coyote.http11.Http11NioProtocol -log -179 - Starting ProtocolHandler [http-nio-8080]
3736 [main] ERROR o.a.coyote.http11.Http11NioProtocol -log -181 - Failed to start end point associated with ProtocolHandler [http-nio-8080]
java.net.BindException: Address already in use: bind
	at sun.nio.ch.Net.bind0(Native Method)
	at sun.nio.ch.Net.bind(Net.java:433)
	at sun.nio.ch.Net.bind(Net.java:425)
	at sun.nio.ch.ServerSocketChannelImpl.bind(ServerSocketChannelImpl.java:223)
	at sun.nio.ch.ServerSocketAdaptor.bind(ServerSocketAdaptor.java:74)
	at org.apache.tomcat.util.net.NioEndpoint.bind(NioEndpoint.java:228)
	at org.apache.tomcat.util.net.AbstractEndpoint.start(AbstractEndpoint.java:874)
	at org.apache.coyote.AbstractProtocol.start(AbstractProtocol.java:590)
	at org.apache.catalina.connector.Connector.startInternal(Connector.java:969)
	at org.apache.catalina.util.LifecycleBase.start(LifecycleBase.java:150)
	at org.apache.catalina.core.StandardService.addConnector(StandardService.java:225)
	at org.springframework.boot.context.embedded.tomcat.TomcatEmbeddedServletContainer.addPreviouslyRemovedConnectors(TomcatEmbeddedServletContainer.java:233)
	at org.springframework.boot.context.embedded.tomcat.TomcatEmbeddedServletContainer.start(TomcatEmbeddedServletContainer.java:178)
	at org.springframework.boot.context.embedded.EmbeddedWebApplicationContext.startEmbeddedServletContainer(EmbeddedWebApplicationContext.java:297)
	at org.springframework.boot.context.embedded.EmbeddedWebApplicationContext.finishRefresh(EmbeddedWebApplicationContext.java:145)
	at org.springframework.context.support.AbstractApplicationContext.refresh(AbstractApplicationContext.java:545)
	at org.springframework.boot.context.embedded.EmbeddedWebApplicationContext.refresh(EmbeddedWebApplicationContext.java:122)
	at org.springframework.boot.SpringApplication.refresh(SpringApplication.java:761)
	at org.springframework.boot.SpringApplication.refreshContext(SpringApplication.java:371)
	at org.springframework.boot.SpringApplication.run(SpringApplication.java:315)
	at org.springframework.boot.SpringApplication.run(SpringApplication.java:1186)
	at org.springframework.boot.SpringApplication.run(SpringApplication.java:1175)
	at com.noaa.tcdis.TcdisRestserverApplication.main(TcdisRestserverApplication.java:10)
3737 [main] ERROR o.a.catalina.core.StandardService -log -181 - Failed to start connector [Connector[HTTP/1.1-8080]]
org.apache.catalina.LifecycleException: Failed to start component [Connector[HTTP/1.1-8080]]
	at org.apache.catalina.util.LifecycleBase.start(LifecycleBase.java:167)
	at org.apache.catalina.core.StandardService.addConnector(StandardService.java:225)
	at org.springframework.boot.context.embedded.tomcat.TomcatEmbeddedServletContainer.addPreviouslyRemovedConnectors(TomcatEmbeddedServletContainer.java:233)
	at org.springframework.boot.context.embedded.tomcat.TomcatEmbeddedServletContainer.start(TomcatEmbeddedServletContainer.java:178)
	at org.springframework.boot.context.embedded.EmbeddedWebApplicationContext.startEmbeddedServletContainer(EmbeddedWebApplicationContext.java:297)
	at org.springframework.boot.context.embedded.EmbeddedWebApplicationContext.finishRefresh(EmbeddedWebApplicationContext.java:145)
	at org.springframework.context.support.AbstractApplicationContext.refresh(AbstractApplicationContext.java:545)
	at org.springframework.boot.context.embedded.EmbeddedWebApplicationContext.refresh(EmbeddedWebApplicationContext.java:122)
	at org.springframework.boot.SpringApplication.refresh(SpringApplication.java:761)
	at org.springframework.boot.SpringApplication.refreshContext(SpringApplication.java:371)
	at org.springframework.boot.SpringApplication.run(SpringApplication.java:315)
	at org.springframework.boot.SpringApplication.run(SpringApplication.java:1186)
	at org.springframework.boot.SpringApplication.run(SpringApplication.java:1175)
	at com.noaa.tcdis.TcdisRestserverApplication.main(TcdisRestserverApplication.java:10)
Caused by: org.apache.catalina.LifecycleException: service.getName(): "Tomcat";  Protocol handler start failed
	at org.apache.catalina.connector.Connector.startInternal(Connector.java:976)
	at org.apache.catalina.util.LifecycleBase.start(LifecycleBase.java:150)
	... 13 common frames omitted
Caused by: java.net.BindException: Address already in use: bind
	at sun.nio.ch.Net.bind0(Native Method)
	at sun.nio.ch.Net.bind(Net.java:433)
	at sun.nio.ch.Net.bind(Net.java:425)
	at sun.nio.ch.ServerSocketChannelImpl.bind(ServerSocketChannelImpl.java:223)
	at sun.nio.ch.ServerSocketAdaptor.bind(ServerSocketAdaptor.java:74)
	at org.apache.tomcat.util.net.NioEndpoint.bind(NioEndpoint.java:228)
	at org.apache.tomcat.util.net.AbstractEndpoint.start(AbstractEndpoint.java:874)
	at org.apache.coyote.AbstractProtocol.start(AbstractProtocol.java:590)
	at org.apache.catalina.connector.Connector.startInternal(Connector.java:969)
	... 14 common frames omitted
3754 [main] INFO  o.a.coyote.http11.Http11NioProtocol -log -179 - Pausing ProtocolHandler ["http-nio-8080"]
3754 [main] INFO  o.a.catalina.core.StandardService -log -179 - Stopping service Tomcat
3761 [main] INFO  o.a.catalina.util.LifecycleBase -log -179 - The stop() method was called on component [StandardServer[-1]] after stop() had already been called. The second call will be ignored.
3761 [main] INFO  o.a.coyote.http11.Http11NioProtocol -log -179 - Stopping ProtocolHandler ["http-nio-8080"]
3761 [main] INFO  o.a.coyote.http11.Http11NioProtocol -log -179 - Destroying ProtocolHandler ["http-nio-8080"]
3766 [main] ERROR o.s.b.d.LoggingFailureAnalysisReporter -report -42 - 

***************************
APPLICATION FAILED TO START
***************************

Description:

The Tomcat connector configured to listen on port 8080 failed to start. The port may already be in use or the connector may be misconfigured.

Action:

Verify the connector's configuration, identify and stop any process that's listening on port 8080, or configure this application to listen on another port.

3769 [main] WARN  o.a.commons.dbcp2.BasicDataSource -close -1919 - Failed to unregister the JMX name: org.apache.commons.dbcp2:name=dataSource,type=BasicDataSource
javax.management.InstanceNotFoundException: org.apache.commons.dbcp2:name=dataSource,type=BasicDataSource
	at com.sun.jmx.interceptor.DefaultMBeanServerInterceptor.getMBean(DefaultMBeanServerInterceptor.java:1095)
	at com.sun.jmx.interceptor.DefaultMBeanServerInterceptor.exclusiveUnregisterMBean(DefaultMBeanServerInterceptor.java:427)
	at com.sun.jmx.interceptor.DefaultMBeanServerInterceptor.unregisterMBean(DefaultMBeanServerInterceptor.java:415)
	at com.sun.jmx.mbeanserver.JmxMBeanServer.unregisterMBean(JmxMBeanServer.java:546)
	at org.apache.commons.dbcp2.BasicDataSource.close(BasicDataSource.java:1917)
	at sun.reflect.NativeMethodAccessorImpl.invoke0(Native Method)
	at sun.reflect.NativeMethodAccessorImpl.invoke(NativeMethodAccessorImpl.java:62)
	at sun.reflect.DelegatingMethodAccessorImpl.invoke(DelegatingMethodAccessorImpl.java:43)
	at java.lang.reflect.Method.invoke(Method.java:498)
	at org.springframework.beans.factory.support.DisposableBeanAdapter.invokeCustomDestroyMethod(DisposableBeanAdapter.java:364)
	at org.springframework.beans.factory.support.DisposableBeanAdapter.destroy(DisposableBeanAdapter.java:287)
	at org.springframework.beans.factory.support.DefaultSingletonBeanRegistry.destroyBean(DefaultSingletonBeanRegistry.java:578)
	at org.springframework.beans.factory.support.DefaultSingletonBeanRegistry.destroySingleton(DefaultSingletonBeanRegistry.java:554)
	at org.springframework.beans.factory.support.DefaultListableBeanFactory.destroySingleton(DefaultListableBeanFactory.java:954)
	at org.springframework.beans.factory.support.DefaultSingletonBeanRegistry.destroySingletons(DefaultSingletonBeanRegistry.java:523)
	at org.springframework.beans.factory.support.DefaultListableBeanFactory.destroySingletons(DefaultListableBeanFactory.java:961)
	at org.springframework.context.support.AbstractApplicationContext.destroyBeans(AbstractApplicationContext.java:1033)
	at org.springframework.context.support.AbstractApplicationContext.doClose(AbstractApplicationContext.java:1009)
	at org.springframework.context.support.AbstractApplicationContext.close(AbstractApplicationContext.java:961)
	at org.springframework.boot.SpringApplication.handleRunFailure(SpringApplication.java:818)
	at org.springframework.boot.SpringApplication.run(SpringApplication.java:326)
	at org.springframework.boot.SpringApplication.run(SpringApplication.java:1186)
	at org.springframework.boot.SpringApplication.run(SpringApplication.java:1175)
	at com.noaa.tcdis.TcdisRestserverApplication.main(TcdisRestserverApplication.java:10)
